--------------------|---------|---------|---------|---------|
File                | % Stmts | % Brchs | % Funcs | % Lines |
--------------------|---------|---------|---------|---------|
All files           |    99.9 |    99.9 |     100 |    99.9 |
node-istanbul-lite/ |    99.9 |    99.9 |     100 |    99.9 |
  example.js        |     100 |     100 |     100 |     100 |
  lib.istanbul.js   |   99.89 |    99.9 |     100 |   99.89 |
  test.js           |     100 |     100 |     100 |     100 |
--------------------|---------|---------|---------|---------|
