--------------------|---------|---------|---------|---------|
File                | % Stmts | % Brchs | % Funcs | % Lines |
--------------------|---------|---------|---------|---------|
All files           |   99.82 |   99.51 |   99.73 |   99.82 |
node-istanbul-lite/ |   99.82 |   99.51 |   99.73 |   99.82 |
  example.js        |     100 |     100 |     100 |     100 |
  lib.istanbul.js   |   99.81 |   99.49 |   99.69 |    99.8 |
  test.js           |     100 |     100 |     100 |     100 |
--------------------|---------|---------|---------|---------|
